Warning: libpng warning: Interlace handling should be turned on when using png_read_image
Warning: libpng warning: Interlace handling should be turned on when using png_read_image
Warning: libpng warning: Interlace handling should be turned on when using png_read_image
Warning: libpng warning: Interlace handling should be turned on when using png_read_image
Warning: libpng warning: Interlace handling should be turned on when using png_read_image
Warning: QPainter::begin: Paint device returned engine == 0, type: 1
Warning: QPainter::setPen: Painter not active
Warning: QPainter::setBrush: Painter not active
Warning: QPainter::setRenderHint: Painter must be active to set rendering hints
Warning: QPainter::setPen: Painter not active
Warning: libpng warning: Interlace handling should be turned on when using png_read_image
Debug: "16:15:44 ..\..\src\propertyeditor.cpp:4234 ER: Set Mode" 
Debug: "16:15:53 ..\..\src\propertyslider.cpp:315 EV: Set Volume" 
Debug: "16:15:54 ..\..\src\propertyslider.cpp:315 EV: Set Volume" 
Debug: "16:15:54 ..\..\src\propertyslider.cpp:315 EV: Set Volume" 
Debug: "16:15:54 ..\..\src\propertyslider.cpp:315 EV: Set Volume" 
Debug: "16:15:54 ..\..\src\propertyslider.cpp:315 EV: Set Volume" 
Debug: "16:15:54 ..\..\src\propertyslider.cpp:315 EV: Set Volume" 
Debug: "16:15:54 ..\..\src\propertyslider.cpp:315 EV: Set Volume" 
Debug: "16:15:54 ..\..\src\propertyslider.cpp:315 EV: Set Volume" 
Debug: "16:15:54 ..\..\src\propertyslider.cpp:315 EV: Set Volume" 
Debug: "16:15:54 ..\..\src\propertyslider.cpp:315 EV: Set Volume" 
Debug: "16:15:54 ..\..\src\propertyslider.cpp:315 EV: Set Volume" 
Debug: "16:15:54 ..\..\src\propertyslider.cpp:315 EV: Set Volume" 
Debug: "16:15:54 ..\..\src\propertyslider.cpp:315 EV: Set Volume" 
Debug: "16:15:54 ..\..\src\propertyslider.cpp:315 EV: Set Volume" 
Debug: "16:15:54 ..\..\src\propertyslider.cpp:315 EV: Set Volume" 
Debug: "16:15:54 ..\..\src\propertyslider.cpp:315 EV: Set Volume" 
Debug: "16:15:54 ..\..\src\propertyslider.cpp:315 EV: Set Volume" 
Debug: "16:15:54 ..\..\src\propertyslider.cpp:315 EV: Set Volume" 
Debug: "16:15:54 ..\..\src\propertyslider.cpp:315 EV: Set Volume" 
Debug: "16:15:54 ..\..\src\propertyslider.cpp:315 EV: Set Volume" 
Debug: "16:15:54 ..\..\src\propertyslider.cpp:315 EV: Set Volume" 
Debug: "16:15:54 ..\..\src\propertyslider.cpp:315 EV: Set Volume" 
Debug: "16:15:54 ..\..\src\propertyslider.cpp:315 EV: Set Volume" 
Debug: "16:15:54 ..\..\src\propertyslider.cpp:315 EV: Set Volume" 
Debug: "16:15:54 ..\..\src\propertyslider.cpp:315 EV: Set Volume" 
Debug: "16:15:54 ..\..\src\propertyslider.cpp:315 EV: Set Volume" 
Debug: "16:15:54 ..\..\src\propertyslider.cpp:315 EV: Set Volume" 
Debug: "16:15:54 ..\..\src\propertyslider.cpp:315 EV: Set Volume" 
Debug: "16:15:54 ..\..\src\propertyslider.cpp:315 EV: Set Volume" 
Debug: "16:15:54 ..\..\src\propertyslider.cpp:315 EV: Set Volume" 
Debug: "16:15:54 ..\..\src\propertyslider.cpp:315 EV: Set Volume" 
Debug: "16:15:54 ..\..\src\propertyslider.cpp:315 EV: Set Volume" 
Debug: "16:15:54 ..\..\src\propertyslider.cpp:315 EV: Set Volume" 
Debug: "16:15:54 ..\..\src\propertyslider.cpp:315 EV: Set Volume" 
Debug: "16:15:54 ..\..\src\propertyslider.cpp:315 EV: Set Volume" 
Debug: "16:15:54 ..\..\src\propertyslider.cpp:315 EV: Set Volume" 
Debug: "16:15:54 ..\..\src\propertyslider.cpp:315 EV: Set Volume" 
Debug: "16:15:54 ..\..\src\propertyslider.cpp:315 EV: Set Volume" 
Debug: "16:15:54 ..\..\src\propertyslider.cpp:315 EV: Set Volume" 
